[debug] [2020-07-18T19:05:48.945Z] ----------------------------------------------------------------------
[debug] [2020-07-18T19:05:48.947Z] Command:       C:\Program Files\nodejs\node.exe C:\Users\David\AppData\Roaming\npm\node_modules\firebase-tools\lib\bin\firebase.js deploy
[debug] [2020-07-18T19:05:48.947Z] CLI Version:   8.2.0
[debug] [2020-07-18T19:05:48.947Z] Platform:      win32
[debug] [2020-07-18T19:05:48.948Z] Node Version:  v12.16.1
[debug] [2020-07-18T19:05:48.949Z] Time:          Sat Jul 18 2020 20:05:48 GMT+0100 (British Summer Time)
[debug] [2020-07-18T19:05:48.949Z] ----------------------------------------------------------------------
[debug] [2020-07-18T19:05:48.949Z] 
[debug] [2020-07-18T19:05:48.959Z] > command requires scopes: ["email","openid","https://www.googleapis.com/auth/cloudplatformprojects.readonly","https://www.googleapis.com/auth/firebase","https://www.googleapis.com/auth/cloud-platform"]
[debug] [2020-07-18T19:05:48.960Z] > authorizing via signed-in user
[debug] [2020-07-18T19:05:48.960Z] [iam] checking project cs-surf-secrets for permissions ["cloudfunctions.functions.create","cloudfunctions.functions.delete","cloudfunctions.functions.get","cloudfunctions.functions.list","cloudfunctions.functions.update","cloudfunctions.operations.get","firebase.projects.get"]
[debug] [2020-07-18T19:05:48.962Z] >>> HTTP REQUEST POST https://cloudresourcemanager.googleapis.com/v1/projects/cs-surf-secrets:testIamPermissions  
 {"permissions":["cloudfunctions.functions.create","cloudfunctions.functions.delete","cloudfunctions.functions.get","cloudfunctions.functions.list","cloudfunctions.functions.update","cloudfunctions.operations.get","firebase.projects.get"]}
[debug] [2020-07-18T19:05:49.814Z] <<< HTTP RESPONSE 200 {"content-type":"application/json; charset=UTF-8","vary":"X-Origin, Referer, Origin,Accept-Encoding","date":"Sat, 18 Jul 2020 19:05:47 GMT","server":"ESF","cache-control":"private","x-xss-protection":"0","x-frame-options":"SAMEORIGIN","x-content-type-options":"nosniff","server-timing":"gfet4t7; dur=625","alt-svc":"h3-29=\":443\"; ma=2592000,h3-27=\":443\"; ma=2592000,h3-25=\":443\"; ma=2592000,h3-T050=\":443\"; ma=2592000,h3-Q050=\":443\"; ma=2592000,h3-Q046=\":443\"; ma=2592000,h3-Q043=\":443\"; ma=2592000,quic=\":443\"; ma=2592000; v=\"46,43\"","accept-ranges":"none","transfer-encoding":"chunked"}
[debug] [2020-07-18T19:05:49.816Z] >>> HTTP REQUEST POST https://iam.googleapis.com/v1/projects/cs-surf-secrets/serviceAccounts/cs-surf-secrets@appspot.gserviceaccount.com:testIamPermissions  
 {"permissions":["iam.serviceAccounts.actAs"]}
[debug] [2020-07-18T19:05:50.574Z] <<< HTTP RESPONSE 200 {"content-type":"application/json; charset=UTF-8","vary":"X-Origin, Referer, Origin,Accept-Encoding","date":"Sat, 18 Jul 2020 19:05:48 GMT","server":"ESF","cache-control":"private","x-xss-protection":"0","x-frame-options":"SAMEORIGIN","x-content-type-options":"nosniff","alt-svc":"h3-29=\":443\"; ma=2592000,h3-27=\":443\"; ma=2592000,h3-25=\":443\"; ma=2592000,h3-T050=\":443\"; ma=2592000,h3-Q050=\":443\"; ma=2592000,h3-Q046=\":443\"; ma=2592000,h3-Q043=\":443\"; ma=2592000,quic=\":443\"; ma=2592000; v=\"46,43\"","accept-ranges":"none","transfer-encoding":"chunked"}
[warn] !  functions: package.json indicates an outdated version of firebase-functions.
Please upgrade using npm install --save firebase-functions@latest in your functions directory.
[info] 
[info] === Deploying to 'cs-surf-secrets'...
[info] 
[info] i  deploying functions
[debug] [2020-07-18T19:05:53.955Z] > [functions] package.json contents: {
  "name": "functions",
  "description": "Cloud Functions for Firebase",
  "scripts": {
    "serve": "firebase emulators:start --only functions",
    "shell": "firebase functions:shell",
    "start": "npm run shell",
    "deploy": "firebase deploy --only functions",
    "logs": "firebase functions:log"
  },
  "engines": {
    "node": "8"
  },
  "dependencies": {
    "busboy": "^0.3.1",
    "cors": "^2.8.5",
    "express": "^4.17.1",
    "firebase": "^7.14.2",
    "firebase-admin": "^8.6.0",
    "firebase-functions": "^3.3.0",
    "passport": "^0.4.1",
    "passport-steam": "^1.0.14"
  },
  "devDependencies": {
    "firebase-functions-test": "^0.1.6"
  },
  "private": true
}
[info] i  functions: ensuring required API cloudfunctions.googleapis.com is enabled...
[debug] [2020-07-18T19:05:55.551Z] [functions] runtime dependency check dates: warning: 2020-05-21T00:00:00.000Z error: 2020-07-09T00:00:00.000Z
[warn] 
[warn] !  functions: The Node.js 8 runtime is deprecated and will be decommissioned on 2020-12-05. For more information, see: https://firebase.google.com/support/faq#functions-runtime
[warn] 
[debug] [2020-07-18T19:05:55.559Z] >>> HTTP REQUEST GET https://serviceusage.googleapis.com/v1/projects/cs-surf-secrets/services/cloudfunctions.googleapis.com  
 
[debug] [2020-07-18T19:05:55.560Z] >>> HTTP REQUEST GET https://serviceusage.googleapis.com/v1/projects/cs-surf-secrets/services/runtimeconfig.googleapis.com  
 
[debug] [2020-07-18T19:05:56.455Z] <<< HTTP RESPONSE 200 {"content-type":"application/json; charset=UTF-8","vary":"X-Origin, Referer, Origin,Accept-Encoding","date":"Sat, 18 Jul 2020 19:05:53 GMT","server":"ESF","cache-control":"private","x-xss-protection":"0","x-frame-options":"SAMEORIGIN","x-content-type-options":"nosniff","alt-svc":"h3-29=\":443\"; ma=2592000,h3-27=\":443\"; ma=2592000,h3-25=\":443\"; ma=2592000,h3-T050=\":443\"; ma=2592000,h3-Q050=\":443\"; ma=2592000,h3-Q046=\":443\"; ma=2592000,h3-Q043=\":443\"; ma=2592000,quic=\":443\"; ma=2592000; v=\"46,43\"","accept-ranges":"none","transfer-encoding":"chunked"}
[debug] [2020-07-18T19:06:16.815Z] Error: connect ETIMEDOUT 216.58.204.42:443
    at TCPConnectWrap.afterConnect [as oncomplete] (net.js:1137:16)
[error] 
[error] Error: Server Error. connect ETIMEDOUT 216.58.204.42:443
[debug] [2020-07-18T19:06:36.862Z] ----------------------------------------------------------------------
[debug] [2020-07-18T19:06:36.864Z] Command:       C:\Program Files\nodejs\node.exe C:\Users\David\AppData\Roaming\npm\node_modules\firebase-tools\lib\bin\firebase.js deploy
[debug] [2020-07-18T19:06:36.864Z] CLI Version:   8.2.0
[debug] [2020-07-18T19:06:36.864Z] Platform:      win32
[debug] [2020-07-18T19:06:36.864Z] Node Version:  v12.16.1
[debug] [2020-07-18T19:06:36.865Z] Time:          Sat Jul 18 2020 20:06:36 GMT+0100 (British Summer Time)
[debug] [2020-07-18T19:06:36.866Z] ----------------------------------------------------------------------
[debug] [2020-07-18T19:06:36.866Z] 
[debug] [2020-07-18T19:06:36.873Z] > command requires scopes: ["email","openid","https://www.googleapis.com/auth/cloudplatformprojects.readonly","https://www.googleapis.com/auth/firebase","https://www.googleapis.com/auth/cloud-platform"]
[debug] [2020-07-18T19:06:36.873Z] > authorizing via signed-in user
[debug] [2020-07-18T19:06:36.873Z] [iam] checking project cs-surf-secrets for permissions ["cloudfunctions.functions.create","cloudfunctions.functions.delete","cloudfunctions.functions.get","cloudfunctions.functions.list","cloudfunctions.functions.update","cloudfunctions.operations.get","firebase.projects.get"]
[debug] [2020-07-18T19:06:36.876Z] >>> HTTP REQUEST POST https://cloudresourcemanager.googleapis.com/v1/projects/cs-surf-secrets:testIamPermissions  
 {"permissions":["cloudfunctions.functions.create","cloudfunctions.functions.delete","cloudfunctions.functions.get","cloudfunctions.functions.list","cloudfunctions.functions.update","cloudfunctions.operations.get","firebase.projects.get"]}
[debug] [2020-07-18T19:06:37.627Z] <<< HTTP RESPONSE 200 {"content-type":"application/json; charset=UTF-8","vary":"X-Origin, Referer, Origin,Accept-Encoding","date":"Sat, 18 Jul 2020 19:06:35 GMT","server":"ESF","cache-control":"private","x-xss-protection":"0","x-frame-options":"SAMEORIGIN","x-content-type-options":"nosniff","server-timing":"gfet4t7; dur=557","alt-svc":"h3-29=\":443\"; ma=2592000,h3-27=\":443\"; ma=2592000,h3-25=\":443\"; ma=2592000,h3-T050=\":443\"; ma=2592000,h3-Q050=\":443\"; ma=2592000,h3-Q046=\":443\"; ma=2592000,h3-Q043=\":443\"; ma=2592000,quic=\":443\"; ma=2592000; v=\"46,43\"","accept-ranges":"none","transfer-encoding":"chunked"}
[debug] [2020-07-18T19:06:37.628Z] >>> HTTP REQUEST POST https://iam.googleapis.com/v1/projects/cs-surf-secrets/serviceAccounts/cs-surf-secrets@appspot.gserviceaccount.com:testIamPermissions  
 {"permissions":["iam.serviceAccounts.actAs"]}
[debug] [2020-07-18T19:06:38.355Z] <<< HTTP RESPONSE 200 {"content-type":"application/json; charset=UTF-8","vary":"X-Origin, Referer, Origin,Accept-Encoding","date":"Sat, 18 Jul 2020 19:06:35 GMT","server":"ESF","cache-control":"private","x-xss-protection":"0","x-frame-options":"SAMEORIGIN","x-content-type-options":"nosniff","alt-svc":"h3-29=\":443\"; ma=2592000,h3-27=\":443\"; ma=2592000,h3-25=\":443\"; ma=2592000,h3-T050=\":443\"; ma=2592000,h3-Q050=\":443\"; ma=2592000,h3-Q046=\":443\"; ma=2592000,h3-Q043=\":443\"; ma=2592000,quic=\":443\"; ma=2592000; v=\"46,43\"","accept-ranges":"none","transfer-encoding":"chunked"}
[warn] !  functions: package.json indicates an outdated version of firebase-functions.
Please upgrade using npm install --save firebase-functions@latest in your functions directory.
[info] 
[info] === Deploying to 'cs-surf-secrets'...
[info] 
[info] i  deploying functions
[debug] [2020-07-18T19:06:42.348Z] > [functions] package.json contents: {
  "name": "functions",
  "description": "Cloud Functions for Firebase",
  "scripts": {
    "serve": "firebase emulators:start --only functions",
    "shell": "firebase functions:shell",
    "start": "npm run shell",
    "deploy": "firebase deploy --only functions",
    "logs": "firebase functions:log"
  },
  "engines": {
    "node": "8"
  },
  "dependencies": {
    "busboy": "^0.3.1",
    "cors": "^2.8.5",
    "express": "^4.17.1",
    "firebase": "^7.14.2",
    "firebase-admin": "^8.6.0",
    "firebase-functions": "^3.3.0",
    "passport": "^0.4.1",
    "passport-steam": "^1.0.14"
  },
  "devDependencies": {
    "firebase-functions-test": "^0.1.6"
  },
  "private": true
}
[info] i  functions: ensuring required API cloudfunctions.googleapis.com is enabled...
[debug] [2020-07-18T19:06:44.037Z] [functions] runtime dependency check dates: warning: 2020-05-21T00:00:00.000Z error: 2020-07-09T00:00:00.000Z
[warn] 
[warn] !  functions: The Node.js 8 runtime is deprecated and will be decommissioned on 2020-12-05. For more information, see: https://firebase.google.com/support/faq#functions-runtime
[warn] 
[debug] [2020-07-18T19:06:44.071Z] >>> HTTP REQUEST GET https://serviceusage.googleapis.com/v1/projects/cs-surf-secrets/services/cloudfunctions.googleapis.com  
 
[debug] [2020-07-18T19:06:44.072Z] >>> HTTP REQUEST GET https://serviceusage.googleapis.com/v1/projects/cs-surf-secrets/services/runtimeconfig.googleapis.com  
 
[debug] [2020-07-18T19:06:45.090Z] <<< HTTP RESPONSE 200 {"content-type":"application/json; charset=UTF-8","vary":"X-Origin, Referer, Origin,Accept-Encoding","date":"Sat, 18 Jul 2020 19:06:42 GMT","server":"ESF","cache-control":"private","x-xss-protection":"0","x-frame-options":"SAMEORIGIN","x-content-type-options":"nosniff","alt-svc":"h3-29=\":443\"; ma=2592000,h3-27=\":443\"; ma=2592000,h3-25=\":443\"; ma=2592000,h3-T050=\":443\"; ma=2592000,h3-Q050=\":443\"; ma=2592000,h3-Q046=\":443\"; ma=2592000,h3-Q043=\":443\"; ma=2592000,quic=\":443\"; ma=2592000; v=\"46,43\"","accept-ranges":"none","transfer-encoding":"chunked"}
[debug] [2020-07-18T19:06:45.200Z] <<< HTTP RESPONSE 200 {"content-type":"application/json; charset=UTF-8","vary":"X-Origin, Referer, Origin,Accept-Encoding","date":"Sat, 18 Jul 2020 19:06:42 GMT","server":"ESF","cache-control":"private","x-xss-protection":"0","x-frame-options":"SAMEORIGIN","x-content-type-options":"nosniff","alt-svc":"h3-29=\":443\"; ma=2592000,h3-27=\":443\"; ma=2592000,h3-25=\":443\"; ma=2592000,h3-T050=\":443\"; ma=2592000,h3-Q050=\":443\"; ma=2592000,h3-Q046=\":443\"; ma=2592000,h3-Q043=\":443\"; ma=2592000,quic=\":443\"; ma=2592000; v=\"46,43\"","accept-ranges":"none","transfer-encoding":"chunked"}
[info] +  functions: required API cloudfunctions.googleapis.com is enabled
[debug] [2020-07-18T19:06:45.203Z] >>> HTTP REQUEST GET https://firebase.googleapis.com/v1beta1/projects/cs-surf-secrets/adminSdkConfig  
 
[debug] [2020-07-18T19:06:45.650Z] <<< HTTP RESPONSE 200 {"content-type":"application/json; charset=UTF-8","vary":"X-Origin, Referer, Origin,Accept-Encoding","date":"Sat, 18 Jul 2020 19:06:43 GMT","server":"ESF","cache-control":"private","x-xss-protection":"0","x-frame-options":"SAMEORIGIN","x-content-type-options":"nosniff","alt-svc":"h3-29=\":443\"; ma=2592000,h3-27=\":443\"; ma=2592000,h3-25=\":443\"; ma=2592000,h3-T050=\":443\"; ma=2592000,h3-Q050=\":443\"; ma=2592000,h3-Q046=\":443\"; ma=2592000,h3-Q043=\":443\"; ma=2592000,quic=\":443\"; ma=2592000; v=\"46,43\"","accept-ranges":"none","transfer-encoding":"chunked"}
[info] i  functions: preparing functions directory for uploading...
[debug] [2020-07-18T19:06:45.653Z] >>> HTTP REQUEST GET https://runtimeconfig.googleapis.com/v1beta1/projects/cs-surf-secrets/configs  
 
[debug] [2020-07-18T19:06:46.075Z] <<< HTTP RESPONSE 200 {"content-type":"application/json; charset=UTF-8","vary":"X-Origin, Referer, Origin,Accept-Encoding","date":"Sat, 18 Jul 2020 19:06:43 GMT","server":"ESF","cache-control":"private","x-xss-protection":"0","x-frame-options":"SAMEORIGIN","x-content-type-options":"nosniff","alt-svc":"h3-29=\":443\"; ma=2592000,h3-27=\":443\"; ma=2592000,h3-25=\":443\"; ma=2592000,h3-T050=\":443\"; ma=2592000,h3-Q050=\":443\"; ma=2592000,h3-Q046=\":443\"; ma=2592000,h3-Q043=\":443\"; ma=2592000,quic=\":443\"; ma=2592000; v=\"46,43\"","accept-ranges":"none","transfer-encoding":"chunked"}
[info] i  functions: packaged functions (57.45 KB) for uploading
[debug] [2020-07-18T19:06:46.889Z] >>> HTTP REQUEST GET https://cloudfunctions.googleapis.com/v1/projects/cs-surf-secrets/locations/-/functions  
 
[debug] [2020-07-18T19:06:47.547Z] <<< HTTP RESPONSE 200 {"content-type":"application/json; charset=UTF-8","vary":"X-Origin, Referer, Origin,Accept-Encoding","date":"Sat, 18 Jul 2020 19:06:45 GMT","server":"ESF","cache-control":"private","x-xss-protection":"0","x-frame-options":"SAMEORIGIN","x-content-type-options":"nosniff","alt-svc":"h3-29=\":443\"; ma=2592000,h3-27=\":443\"; ma=2592000,h3-25=\":443\"; ma=2592000,h3-T050=\":443\"; ma=2592000,h3-Q050=\":443\"; ma=2592000,h3-Q046=\":443\"; ma=2592000,h3-Q043=\":443\"; ma=2592000,quic=\":443\"; ma=2592000; v=\"46,43\"","accept-ranges":"none","transfer-encoding":"chunked"}
[debug] [2020-07-18T19:06:47.548Z] >>> HTTP REQUEST POST https://cloudfunctions.googleapis.com/v1/projects/cs-surf-secrets/locations/us-central1/functions:generateUploadUrl  
 
[info] 

There was an issue deploying your functions. Verify that your project has a Google App Engine instance setup at https://console.cloud.google.com/appengine and try again. If this issue persists, please contact support.
[warn] !  functions: Upload Error: Server Error. connect ETIMEDOUT 216.58.206.106:443
[debug] [2020-07-18T19:07:08.755Z] Error: connect ETIMEDOUT 216.58.206.106:443
    at TCPConnectWrap.afterConnect [as oncomplete] (net.js:1137:16)
[error] 
[error] Error: Server Error. connect ETIMEDOUT 216.58.206.106:443
